<?xml version="1.0" encoding="UTF-8"?>
<!-- Generated by org.testng.reporters.JUnitReportReporter -->
<testsuite hostname="Jay" failures="0" tests="1" name="RegisterScreenTest" time="11.711" errors="0" timestamp="2025-02-11T17:53:32 IST" skipped="0">
  <testcase classname="RegisterScreenTest" name="loginTest" time="11.711"/>
  <system-out/>
</testsuite> <!-- RegisterScreenTest -->
