<?xml version="1.0" encoding="UTF-8"?>
<!-- Generated by org.testng.reporters.JUnitReportReporter -->
<testsuite hostname="Jay" failures="0" tests="1" name="ProductListTest" time="14.759" errors="0" timestamp="2025-02-11T17:53:32 IST" skipped="0">
  <testcase classname="ProductListTest" name="productListTest" time="14.759"/>
  <system-out/>
</testsuite> <!-- ProductListTest -->
