<?xml version="1.0" encoding="UTF-8"?>
<!-- Generated by org.testng.reporters.JUnitReportReporter -->
<testsuite hostname="Jay" failures="0" tests="1" name="OnboardingScreenTest" time="17.505" errors="0" timestamp="2025-02-13T00:27:45 IST" skipped="0">
  <testcase classname="OnboardingScreenTest" name="onboardingScreenTest" time="17.505"/>
  <system-out/>
</testsuite> <!-- OnboardingScreenTest -->
