<?xml version="1.0" encoding="UTF-8"?>
<!-- Generated by org.testng.reporters.JUnitReportReporter -->
<testsuite hostname="Jay" failures="0" tests="1" name="DashBoardPageTest" time="12.111" errors="0" timestamp="2025-02-13T00:27:45 IST" skipped="0">
  <testcase classname="DashBoardPageTest" name="dashboardPageTest" time="12.111"/>
  <system-out/>
</testsuite> <!-- DashBoardPageTest -->
