<?xml version="1.0" encoding="UTF-8"?>
<!-- Generated by org.testng.reporters.JUnitReportReporter -->
<testsuite hostname="Jay" failures="0" tests="1" name="foodDeliveryApp.OrderSummaryTest" time="8.963" errors="0" timestamp="2025-02-12T17:14:00 IST" skipped="0">
  <testcase classname="foodDeliveryApp.OrderSummaryTest" name="orderSummaryTest" time="8.963"/>
  <system-out/>
</testsuite> <!-- foodDeliveryApp.OrderSummaryTest -->
