<?xml version="1.0" encoding="UTF-8"?>
<!-- Generated by org.testng.reporters.JUnitReportReporter -->
<testsuite hostname="Jay" failures="0" tests="1" name="maven_appium_testing.MovieAppTest" time="9.470" errors="0" timestamp="2025-02-10T20:03:47 IST" skipped="0">
  <testcase classname="maven_appium_testing.MovieAppTest" name="apiResponseTest" time="9.470"/>
  <system-out/>
</testsuite> <!-- maven_appium_testing.MovieAppTest -->
